<?xml version="1.0" encoding="UTF-8"?>
<testsuite xmlns:xsi="http://www.w3.org/2001/XMLSchema-instance" xsi:noNamespaceSchemaLocation="https://maven.apache.org/surefire/maven-surefire-plugin/xsd/surefire-test-report-3.0.xsd" version="3.0" name="com.example.controller.PaymentControllerTest" time="27.985" tests="2" errors="1" skipped="0" failures="0">
  <properties>
[...]
</properties>
  <testcase name="testPayment" classname="com.example.controller.PaymentControllerTest" time="5.631">
    <error message="class path resource [../resources/inputdata/input_valid.json] cannot be resolved to URL because it does not exist" type="java.io.FileNotFoundException"><![CDATA[java.io.FileNotFoundException: class path resource [../resources/inputdata/input_valid.json] cannot be resolved to URL because it does not exist
	at org.springframework.core.io.ClassPathResource.getURL(ClassPathResource.java:230)
	at org.springframework.core.io.AbstractFileResolvingResource.getFile(AbstractFileResolvingResource.java:169)
	at com.example.controller.PaymentControllerTest.testPayment(PaymentControllerTest.java:34)
	at java.base/java.lang.reflect.Method.invoke(Method.java:568)
	at java.base/java.util.ArrayList.forEach(ArrayList.java:1511)
	at java.base/java.util.ArrayList.forEach(ArrayList.java:1511)
]]></error>
    <system-out><![CDATA[14:00:07.287 [main] INFO org.springframework.test.context.support.AnnotationConfigContextLoaderUtils -- Could not detect default configuration classes for test class [com.example.controller.PaymentControllerTest]: PaymentControllerTest does not declare any static, non-private, non-final, nested classes annotated with @Configuration.
14:00:08.936 [main] INFO org.springframework.boot.test.context.SpringBootTestContextBootstrapper -- Found @SpringBootConfiguration com.example.StinApplication for test class com.example.controller.PaymentControllerTest

  .   ____          _            __ _ _
 /\\ / ___'_ __ _ _(_)_ __  __ _ \ \ \ \
( ( )\___ | '_ | '_| | '_ \/ _` | \ \ \ \
 \\/  ___)| |_)| | | | | || (_| |  ) ) ) )
  '  |____| .__|_| |_|_| |_\__, | / / / /
 =========|_|==============|___/=/_/_/_/
 :: Spring Boot ::                (v3.2.3)

2024-03-13T14:00:13.447+01:00  INFO 18612 --- [           main] c.e.controller.PaymentControllerTest     : Starting PaymentControllerTest using Java 17.0.2 with PID 18612 (started by Dell in C:\Users\Dell\Documents\NetBeansProjects\BasicSpringbootProject)
2024-03-13T14:00:13.454+01:00  INFO 18612 --- [           main] c.e.controller.PaymentControllerTest     : No active profile set, falling back to 1 default profile: "default"
2024-03-13T14:00:24.225+01:00  INFO 18612 --- [           main] o.s.b.t.m.w.SpringBootMockServletContext : Initializing Spring TestDispatcherServlet ''
2024-03-13T14:00:24.227+01:00  INFO 18612 --- [           main] o.s.t.web.servlet.TestDispatcherServlet  : Initializing Servlet ''
2024-03-13T14:00:24.240+01:00  INFO 18612 --- [           main] o.s.t.web.servlet.TestDispatcherServlet  : Completed initialization in 3 ms
2024-03-13T14:00:24.579+01:00  INFO 18612 --- [           main] c.e.controller.PaymentControllerTest     : Started PaymentControllerTest in 13.688 seconds (process running for 32.567)
]]></system-out>
  </testcase>
  <testcase name="getHello" classname="com.example.controller.PaymentControllerTest" time="0.88"/>
</testsuite>